Watching for file changes with StatReloader
[31/Aug/2019 17:21:56] "GET / HTTP/1.0" 200 142550
[31/Aug/2019 17:27:40] "GET / HTTP/1.0" 200 142550
[31/Aug/2019 17:27:41] "GET /schema.js HTTP/1.0" 200 24068
[31/Aug/2019 17:27:53] "GET / HTTP/1.0" 200 142550
[31/Aug/2019 17:27:53] "GET /schema.js HTTP/1.0" 200 24068
Invalid HTTP_HOST header: '5.189.161.180:443'. You may need to add '5.189.161.180' to ALLOWED_HOSTS.
Bad Request: /y000000000029.cfg
[31/Aug/2019 17:28:01] "GET /y000000000029.cfg HTTP/1.0" 400 63760
/home/beeadmin/school_mgnt/school_mgnt/school_mgnt/settings.py changed, reloading.
Performing system checks...

System check identified no issues (0 silenced).
August 31, 2019 - 17:16:03
Django version 2.2.4, using settings 'school_mgnt.settings'
Starting development server at http://127.0.0.1:8000/
Quit the server with CONTROL-C.
Watching for file changes with StatReloader
Watching for file changes with StatReloader
[31/Aug/2019 17:42:22] "GET / HTTP/1.0" 200 142550
[31/Aug/2019 17:42:22] "GET /schema.js HTTP/1.0" 200 24068
Watching for file changes with StatReloader
[31/Aug/2019 18:14:37] "GET / HTTP/1.0" 200 142586
[31/Aug/2019 18:14:37] "GET /schema.js HTTP/1.0" 200 24068
